# JRE version: Java(TM) SE Runtime Environment (12.0.2+10) (build 12.0.2+10)
# Java VM: Java HotSpot(TM) 64-Bit Server VM (12.0.2+10, mixed mode, sharing, tiered, compressed oops, g1 gc, linux-amd64)
Heap:
 garbage-first heap   total 476160K, used 23426K [0x0000000085400000, 0x0000000100000000)
  region size 1024K, 2 young (2048K), 2 survivors (2048K)
 Metaspace       used 42084K, capacity 43177K, committed 43388K, reserved 1087488K
  class space    used 5045K, capacity 5417K, committed 5500K, reserved 1048576K
GC Heap History (10 events):
Event: 23.897 GC heap after
{Heap after GC invocations=16 (full 0):
 garbage-first heap   total 196608K, used 19980K [0x0000000085400000, 0x0000000100000000)
  region size 1024K, 1 young (1024K), 1 survivors (1024K)
 Metaspace       used 41730K, capacity 42751K, committed 43132K, reserved 1087488K
  class space    used 5038K, capacity 5410K, committed 5500K, reserved 1048576K
}
Event: 31.178 GC heap before
{Heap before GC invocations=16 (full 0):
 garbage-first heap   total 196608K, used 27148K [0x0000000085400000, 0x0000000100000000)
  region size 1024K, 9 young (9216K), 1 survivors (1024K)
 Metaspace       used 41864K, capacity 42949K, committed 43132K, reserved 1087488K
  class space    used 5040K, capacity 5411K, committed 5500K, reserved 1048576K
}
Event: 31.443 GC heap after
{Heap after GC invocations=17 (full 0):
 garbage-first heap   total 196608K, used 20487K [0x0000000085400000, 0x0000000100000000)
  region size 1024K, 1 young (1024K), 1 survivors (1024K)
 Metaspace       used 41864K, capacity 42949K, committed 43132K, reserved 1087488K
  class space    used 5040K, capacity 5411K, committed 5500K, reserved 1048576K
}
Event: 46.583 GC heap before
{Heap before GC invocations=17 (full 0):
 garbage-first heap   total 196608K, used 28679K [0x0000000085400000, 0x0000000100000000)
  region size 1024K, 9 young (9216K), 1 survivors (1024K)
 Metaspace       used 41963K, capacity 43043K, committed 43388K, reserved 1087488K
  class space    used 5044K, capacity 5416K, committed 5500K, reserved 1048576K
}
Event: 47.888 GC heap after
{Heap after GC invocations=18 (full 0):
 garbage-first heap   total 196608K, used 21208K [0x0000000085400000, 0x0000000100000000)
  region size 1024K, 2 young (2048K), 2 survivors (2048K)
 Metaspace       used 41963K, capacity 43043K, committed 43388K, reserved 1087488K
  class space    used 5044K, capacity 5416K, committed 5500K, reserved 1048576K
}
Event: 52.572 GC heap before
{Heap before GC invocations=18 (full 0):
 garbage-first heap   total 196608K, used 28376K [0x0000000085400000, 0x0000000100000000)
  region size 1024K, 9 young (9216K), 2 survivors (2048K)
 Metaspace       used 42027K, capacity 43107K, committed 43388K, reserved 1087488K
  class space    used 5044K, capacity 5416K, committed 5500K, reserved 1048576K
}
Event: 55.177 GC heap after
{Heap after GC invocations=19 (full 0):
 garbage-first heap   total 196608K, used 21661K [0x0000000085400000, 0x0000000100000000)
  region size 1024K, 2 young (2048K), 2 survivors (2048K)
 Metaspace       used 42027K, capacity 43107K, committed 43388K, reserved 1087488K
  class space    used 5044K, capacity 5416K, committed 5500K, reserved 1048576K
}
Event: 73.597 GC heap before
{Heap before GC invocations=19 (full 0):
 garbage-first heap   total 196608K, used 27805K [0x0000000085400000, 0x0000000100000000)
  region size 1024K, 9 young (9216K), 2 survivors (2048K)
 Metaspace       used 42029K, capacity 43107K, committed 43388K, reserved 1087488K
  class space    used 5044K, capacity 5416K, committed 5500K, reserved 1048576K
}
Event: 74.800 GC heap after
{Heap after GC invocations=20 (full 0):
 garbage-first heap   total 196608K, used 22436K [0x0000000085400000, 0x0000000100000000)
  region size 1024K, 2 young (2048K), 2 survivors (2048K)
 Metaspace       used 42029K, capacity 43107K, committed 43388K, reserved 1087488K
  class space    used 5044K, capacity 5416K, committed 5500K, reserved 1048576K
}
Event: 90.803 GC heap before
{Heap before GC invocations=20 (full 0):
 garbage-first heap   total 196608K, used 28580K [0x0000000085400000, 0x0000000100000000)
  region size 1024K, 9 young (9216K), 2 survivors (2048K)
 Metaspace       used 42084K, capacity 43177K, committed 43388K, reserved 1087488K
  class space    used 5045K, capacity 5417K, committed 5500K, reserved 1048576K
}

