<?xml version="1.0" encoding="UTF-8"?>
<testng-results ignored="0" total="1" passed="1" failed="0" skipped="0">
  <reporter-output>
  </reporter-output>
  <suite started-at="2019-09-15T17:06:44 IST" name="Surefire suite" finished-at="2019-09-15T17:06:44 IST" duration-ms="149">
    <groups>
    </groups>
    <test started-at="2019-09-15T17:06:44 IST" name="Surefire test" finished-at="2019-09-15T17:06:44 IST" duration-ms="149">
      <class name="com.stackroute.ASIBMDomainTest">
        <test-method signature="shouldAnswerWithTrue()" started-at="2019-09-15T17:06:44 IST" name="shouldAnswerWithTrue" finished-at="2019-09-15T17:06:44 IST" duration-ms="35" status="PASS">
          <reporter-output>
          </reporter-output>
        </test-method> <!-- shouldAnswerWithTrue -->
      </class> <!-- com.stackroute.ASIBMDomainTest -->
    </test> <!-- Surefire test -->
  </suite> <!-- Surefire suite -->
</testng-results>
